2025-01-20T00:29:24.294Z [INFO]: PACIENTE CREADO 0987471546
2025-01-20T00:29:43.702Z [INFO]: 
LISTADO DE PACIENTES

2025-01-20T00:33:17.253Z [INFO]: ENFERMERA CREADA 0985874589
2025-01-20T00:33:37.001Z [INFO]: ENFERMERA CREADA 0985263021
2025-01-20T00:33:51.033Z [INFO]: ENFERMERA CREADA 0982389751
2025-01-20T00:34:25.149Z [INFO]: ENFERMERA CREADA 0936996396
2025-01-22T02:46:35.730Z [INFO]: PACIENTE CREADO 1234567890
2025-01-22T02:46:50.083Z [INFO]: ENFERMERA CREADA 0987654321
2025-01-22T17:21:41.108Z [INFO]: PACIENTE CREADO 1111111111
2025-01-22T20:53:49.972Z [INFO]: PACIENTE CREADO 0952365632
2025-01-22T20:54:01.036Z [ERROR]: ERROR AL CREAR AL PACIENTE. Error: No se pudo crear un nuevo Paciente
2025-01-22T20:55:07.124Z [INFO]: PACIENTE CREADO 0985425879
2025-01-22T21:04:42.146Z [INFO]: PACIENTE CREADO 0968632598
2025-01-22T21:13:14.228Z [INFO]: 
LISTADO DE PACIENTES

2025-01-22T21:13:20.829Z [INFO]: 
LISTADO DE PACIENTES

2025-01-22T21:15:13.151Z [INFO]: PACIENTE CREADO 0954259635
2025-01-22T21:15:13.156Z [INFO]: 
LISTADO DE PACIENTES

2025-01-22T21:46:22.848Z [INFO]: 
LISTADO DE PACIENTES

